<?xml version="1.0" encoding="UTF-8"?>
<!-- Generated by org.testng.reporters.JUnitReportReporter -->
<testsuite hostname="DESKTOP-B0GBAAT" failures="0" tests="2" name="tiktok.AppTest" time="11.268" errors="0" timestamp="06 Sep 2019 09:22:00 GMT" skipped="0">
  <testcase classname="tiktok.AppTest" name="myFirstTest" time="3.583"/>
  <testcase classname="tiktok.AppTest" name="testBasicNoTitle" time="7.685"/>
</testsuite> <!-- tiktok.AppTest -->
